#
# A fatal error has been detected by the Java Runtime Environment:
#
#  Internal Error (classFileParser.cpp:3174), pid=2376, tid=876
#  Error: ShouldNotReachHere()
#
# JRE version: 6.0_18-b07
# Java VM: Java HotSpot(TM) Client VM (16.0-b13 mixed mode windows-x86 )
# If you would like to submit a bug report, please visit:
#   http://java.sun.com/webapps/bugreport/crash.jsp
#

---------------  T H R E A D  ---------------

Current thread (0x017d9800):  JavaThread "Unknown thread" [_thread_in_vm, id=876, stack(0x00200000,0x00250000)]

Stack: [0x00200000,0x00250000],  sp=0x0024f880,  free space=13e0024f890k
Native frames: (J=compiled Java code, j=interpreted, Vv=VM code, C=native code)
V  [jvm.dll+0x1f4000]
V  [jvm.dll+0xa1d79]
V  [jvm.dll+0x74ab1]
V  [jvm.dll+0x76154]
V  [jvm.dll+0x1c2395]
V  [jvm.dll+0x1c2acd]
V  [jvm.dll+0x1c2e85]
V  [jvm.dll+0x1c2ecb]
V  [jvm.dll+0x1c2ff2]
V  [jvm.dll+0x1c306a]
V  [jvm.dll+0x1c351d]
V  [jvm.dll+0x1c3922]
V  [jvm.dll+0x1e3ed3]
V  [jvm.dll+0x1e42ac]
V  [jvm.dll+0xd88c1]
V  [jvm.dll+0x1ddae8]
V  [jvm.dll+0x1030a0]
C  [javaw.exe+0x1657]
C  [javaw.exe+0x1e2c]
C  [javaw.exe+0x8614]
C  [kernel32.dll+0x51174]
C  [ntdll.dll+0x5b3f5]
C  [ntdll.dll+0x5b3c8]


---------------  P R O C E S S  ---------------

Java Threads: ( => current thread )

Other Threads:

=>0x017d9800 (exited) JavaThread "Unknown thread" [_thread_in_vm, id=876, stack(0x00200000,0x00250000)]

VM state:not at safepoint (not fully initialized)

VM Mutex/Monitor currently owned by a thread: None

Dynamic libraries:
0x00400000 - 0x00424000 	E:\Program Files\Java\jre6\bin\javaw.exe
0x77b00000 - 0x77c3c000 	E:\Windows\SYSTEM32\ntdll.dll
0x76040000 - 0x76114000 	E:\Windows\system32\kernel32.dll
0x75f00000 - 0x75f4a000 	E:\Windows\system32\KERNELBASE.dll
0x76a90000 - 0x76b30000 	E:\Windows\system32\ADVAPI32.dll
0x766a0000 - 0x7674c000 	E:\Windows\system32\msvcrt.dll
0x76020000 - 0x76039000 	E:\Windows\SYSTEM32\sechost.dll
0x76560000 - 0x76601000 	E:\Windows\system32\RPCRT4.dll
0x77c60000 - 0x77d29000 	E:\Windows\system32\USER32.dll
0x76750000 - 0x7679e000 	E:\Windows\system32\GDI32.dll
0x77c50000 - 0x77c5a000 	E:\Windows\system32\LPK.dll
0x75f80000 - 0x7601d000 	E:\Windows\system32\USP10.dll
0x75f60000 - 0x75f7f000 	E:\Windows\system32\IMM32.DLL
0x76490000 - 0x7655c000 	E:\Windows\system32\MSCTF.dll
0x7c340000 - 0x7c396000 	E:\Program Files\Java\jre6\bin\msvcr71.dll
0x6d800000 - 0x6da97000 	E:\Program Files\Java\jre6\bin\client\jvm.dll
0x74270000 - 0x742a2000 	E:\Windows\system32\WINMM.dll
0x75b50000 - 0x75b9b000 	E:\Windows\system32\apphelp.dll
0x6d7b0000 - 0x6d7bc000 	E:\Program Files\Java\jre6\bin\verify.dll
0x6d330000 - 0x6d34f000 	E:\Program Files\Java\jre6\bin\java.dll
0x6d290000 - 0x6d298000 	E:\Program Files\Java\jre6\bin\hpi.dll
0x75f50000 - 0x75f55000 	E:\Windows\system32\PSAPI.DLL
0x6d7f0000 - 0x6d7ff000 	E:\Program Files\Java\jre6\bin\zip.dll

VM Arguments:
jvm_args: -Dfile.encoding=GBK -Xbootclasspath:E:\Android\android-sdk_r08-windows\platforms\android-8\android.jar 
java_command: Test
Launcher Type: SUN_STANDARD

Environment Variables:
PATH=E:/Program Files/Java/jre6/bin/client;E:/Program Files/Java/jre6/bin;E:\Windows\system32;E:\Windows;E:\Windows\System32\Wbem;E:\Windows\System32\WindowsPowerShell\v1.0\;E:\Program Files\Microsoft SQL Server\100\Tools\Binn\;E:\Program Files\Microsoft SQL Server\100\DTS\Binn\
USERNAME=pengwb
OS=Windows_NT
PROCESSOR_IDENTIFIER=x86 Family 6 Model 23 Stepping 10, GenuineIntel



---------------  S Y S T E M  ---------------

OS: Windows 7 Build 7600 

CPU:total 2 (2 cores per cpu, 1 threads per core) family 6 model 23 stepping 10, cmov, cx8, fxsr, mmx, sse, sse2, sse3, ssse3

Memory: 4k page, physical 3109688k(1464700k free), swap 6217612k(4648084k free)

vm_info: Java HotSpot(TM) Client VM (16.0-b13) for windows-x86 JRE (1.6.0_18-b07), built on Dec 17 2009 13:35:55 by "java_re" with MS VC++ 7.1 (VS2003)

time: Tue Jul 26 09:46:49 2011
elapsed time: 0 seconds

